2024-09-12 17:18:32,915 - ERROR - Error updating article: list index out of range
2024-09-12 17:18:32,915 - ERROR - Error updating article: list index out of range
2024-09-12 17:18:32,915 - ERROR - Error updating article: list index out of range
2024-09-12 17:18:32,915 - ERROR - Error updating article: list index out of range
2024-09-12 17:18:32,916 - ERROR - Error updating article: list index out of range
2024-09-12 17:18:32,916 - ERROR - Error updating article: list index out of range
2024-09-12 17:18:32,916 - ERROR - Error updating article: list index out of range
2024-09-12 17:18:32,916 - ERROR - Error updating article: list index out of range
2024-09-12 17:18:32,916 - ERROR - Error updating article: list index out of range
2024-09-12 17:18:32,916 - ERROR - Error updating article: list index out of range
2024-09-12 17:18:32,916 - ERROR - Error updating article: list index out of range
2024-09-12 17:18:32,917 - ERROR - Error updating article: list index out of range
2024-09-12 17:18:32,917 - ERROR - Error updating article: list index out of range
2024-09-12 17:18:32,917 - ERROR - Error updating article: list index out of range
2024-09-12 17:18:32,917 - ERROR - Error updating article: list index out of range
2024-09-12 17:18:32,917 - ERROR - Error updating article: list index out of range
2024-09-12 17:18:32,917 - ERROR - Error updating article: list index out of range
2024-09-12 17:18:32,917 - ERROR - Error updating article: list index out of range
2024-09-12 17:18:32,918 - ERROR - Error updating article: list index out of range
2024-09-12 17:18:32,918 - ERROR - Error updating article: list index out of range
2024-09-12 17:18:32,918 - ERROR - Error updating article: list index out of range
2024-09-12 17:18:33,474 - INFO - Processed 1 file: html/lifestyle/index.html
2024-09-12 17:18:33,872 - ERROR - Error updating article: list index out of range
2024-09-12 17:18:33,872 - ERROR - Error updating article: list index out of range
2024-09-12 17:18:33,873 - ERROR - Error updating article: list index out of range
2024-09-12 17:18:33,873 - ERROR - Error updating article: list index out of range
2024-09-12 17:18:33,873 - ERROR - Error updating article: list index out of range
2024-09-12 17:18:33,873 - ERROR - Error updating article: list index out of range
2024-09-12 17:18:33,873 - ERROR - Error updating article: list index out of range
2024-09-12 17:18:33,873 - ERROR - Error updating article: list index out of range
2024-09-12 17:18:33,873 - ERROR - Error updating article: list index out of range
2024-09-12 17:18:33,874 - ERROR - Error updating article: list index out of range
2024-09-12 17:18:33,874 - ERROR - Error updating article: list index out of range
2024-09-12 17:18:33,874 - ERROR - Error updating article: list index out of range
2024-09-12 17:18:33,874 - ERROR - Error updating article: list index out of range
2024-09-12 17:18:33,874 - ERROR - Error updating article: list index out of range
2024-09-12 17:18:33,874 - ERROR - Error updating article: list index out of range
2024-09-12 17:18:33,874 - ERROR - Error updating article: list index out of range
2024-09-12 17:18:33,875 - ERROR - Error updating article: list index out of range
2024-09-12 17:18:33,875 - ERROR - Error updating article: list index out of range
2024-09-12 17:18:33,875 - ERROR - Error updating article: list index out of range
2024-09-12 17:18:33,875 - ERROR - Error updating article: list index out of range
2024-09-12 17:18:33,875 - ERROR - Error updating article: list index out of range
2024-09-12 17:18:34,461 - INFO - Processed 2 file: html/lifestyle/fashion/index.html
2024-09-12 17:18:34,883 - ERROR - Error updating article: list index out of range
2024-09-12 17:18:34,883 - ERROR - Error updating article: list index out of range
2024-09-12 17:18:34,883 - ERROR - Error updating article: list index out of range
2024-09-12 17:18:34,883 - ERROR - Error updating article: list index out of range
2024-09-12 17:18:34,883 - ERROR - Error updating article: list index out of range
2024-09-12 17:18:34,883 - ERROR - Error updating article: list index out of range
2024-09-12 17:18:34,884 - ERROR - Error updating article: list index out of range
2024-09-12 17:18:34,884 - ERROR - Error updating article: list index out of range
2024-09-12 17:18:34,884 - ERROR - Error updating article: list index out of range
2024-09-12 17:18:34,884 - ERROR - Error updating article: list index out of range
2024-09-12 17:18:34,884 - ERROR - Error updating article: list index out of range
2024-09-12 17:18:34,884 - ERROR - Error updating article: list index out of range
2024-09-12 17:18:34,885 - ERROR - Error updating article: list index out of range
2024-09-12 17:18:34,885 - ERROR - Error updating article: list index out of range
2024-09-12 17:18:34,885 - ERROR - Error updating article: list index out of range
2024-09-12 17:18:34,885 - ERROR - Error updating article: list index out of range
2024-09-12 17:18:34,885 - ERROR - Error updating article: list index out of range
2024-09-12 17:18:34,885 - ERROR - Error updating article: list index out of range
2024-09-12 17:18:34,885 - ERROR - Error updating article: list index out of range
2024-09-12 17:18:34,886 - ERROR - Error updating article: list index out of range
2024-09-12 17:18:34,886 - ERROR - Error updating article: list index out of range
2024-09-12 17:18:35,414 - INFO - Processed 3 file: html/lifestyle/shopping/index.html
2024-09-12 17:18:36,332 - ERROR - Error updating article: list index out of range
2024-09-12 17:18:36,332 - ERROR - Error updating article: list index out of range
2024-09-12 17:18:36,333 - ERROR - Error updating article: list index out of range
2024-09-12 17:18:36,333 - ERROR - Error updating article: list index out of range
2024-09-12 17:18:36,333 - ERROR - Error updating article: list index out of range
2024-09-12 17:18:36,333 - ERROR - Error updating article: list index out of range
2024-09-12 17:18:36,333 - ERROR - Error updating article: list index out of range
2024-09-12 17:18:36,333 - ERROR - Error updating article: list index out of range
2024-09-12 17:18:36,333 - ERROR - Error updating article: list index out of range
2024-09-12 17:18:36,334 - ERROR - Error updating article: list index out of range
2024-09-12 17:18:36,334 - ERROR - Error updating article: list index out of range
2024-09-12 17:18:36,334 - ERROR - Error updating article: list index out of range
2024-09-12 17:18:36,334 - ERROR - Error updating article: list index out of range
2024-09-12 17:18:36,334 - ERROR - Error updating article: list index out of range
2024-09-12 17:18:36,334 - ERROR - Error updating article: list index out of range
2024-09-12 17:18:36,334 - ERROR - Error updating article: list index out of range
2024-09-12 17:18:36,335 - ERROR - Error updating article: list index out of range
2024-09-12 17:18:36,335 - ERROR - Error updating article: list index out of range
2024-09-12 17:18:36,335 - ERROR - Error updating article: list index out of range
2024-09-12 17:18:36,335 - ERROR - Error updating article: list index out of range
2024-09-12 17:18:36,335 - ERROR - Error updating article: list index out of range
2024-09-12 17:18:36,902 - INFO - Processed 4 file: html/lifestyle/beauty/index.html
2024-09-12 17:18:37,331 - ERROR - Error updating article: list index out of range
2024-09-12 17:18:37,332 - ERROR - Error updating article: list index out of range
2024-09-12 17:18:37,332 - ERROR - Error updating article: list index out of range
2024-09-12 17:18:37,332 - ERROR - Error updating article: list index out of range
2024-09-12 17:18:37,332 - ERROR - Error updating article: list index out of range
2024-09-12 17:18:37,332 - ERROR - Error updating article: list index out of range
2024-09-12 17:18:37,332 - ERROR - Error updating article: list index out of range
2024-09-12 17:18:37,332 - ERROR - Error updating article: list index out of range
2024-09-12 17:18:37,333 - ERROR - Error updating article: list index out of range
2024-09-12 17:18:37,333 - ERROR - Error updating article: list index out of range
2024-09-12 17:18:37,333 - ERROR - Error updating article: list index out of range
2024-09-12 17:18:37,333 - ERROR - Error updating article: list index out of range
2024-09-12 17:18:37,333 - ERROR - Error updating article: list index out of range
2024-09-12 17:18:37,333 - ERROR - Error updating article: list index out of range
2024-09-12 17:18:37,333 - ERROR - Error updating article: list index out of range
2024-09-12 17:18:37,334 - ERROR - Error updating article: list index out of range
2024-09-12 17:18:37,334 - ERROR - Error updating article: list index out of range
2024-09-12 17:18:37,334 - ERROR - Error updating article: list index out of range
2024-09-12 17:18:37,334 - ERROR - Error updating article: list index out of range
2024-09-12 17:18:37,334 - ERROR - Error updating article: list index out of range
2024-09-12 17:18:37,334 - ERROR - Error updating article: list index out of range
2024-09-12 17:18:37,892 - INFO - Processed 5 file: html/lifestyle/money/index.html
2024-09-12 17:18:38,791 - ERROR - Error updating article: list index out of range
2024-09-12 17:18:38,791 - ERROR - Error updating article: list index out of range
2024-09-12 17:18:38,791 - ERROR - Error updating article: list index out of range
2024-09-12 17:18:38,791 - ERROR - Error updating article: list index out of range
2024-09-12 17:18:38,792 - ERROR - Error updating article: list index out of range
2024-09-12 17:18:38,792 - ERROR - Error updating article: list index out of range
2024-09-12 17:18:38,792 - ERROR - Error updating article: list index out of range
2024-09-12 17:18:38,792 - ERROR - Error updating article: list index out of range
2024-09-12 17:18:38,792 - ERROR - Error updating article: list index out of range
2024-09-12 17:18:38,792 - ERROR - Error updating article: list index out of range
2024-09-12 17:18:38,792 - ERROR - Error updating article: list index out of range
2024-09-12 17:18:38,793 - ERROR - Error updating article: list index out of range
2024-09-12 17:18:38,793 - ERROR - Error updating article: list index out of range
2024-09-12 17:18:38,793 - ERROR - Error updating article: list index out of range
2024-09-12 17:18:38,793 - ERROR - Error updating article: list index out of range
2024-09-12 17:18:38,793 - ERROR - Error updating article: list index out of range
2024-09-12 17:18:38,793 - ERROR - Error updating article: list index out of range
2024-09-12 17:18:38,793 - ERROR - Error updating article: list index out of range
2024-09-12 17:18:38,794 - ERROR - Error updating article: list index out of range
2024-09-12 17:18:38,794 - ERROR - Error updating article: list index out of range
2024-09-12 17:18:38,794 - ERROR - Error updating article: list index out of range
2024-09-12 17:18:39,350 - INFO - Processed 6 file: html/lifestyle/tech-news/index.html
2024-09-12 17:18:40,256 - ERROR - Error updating article: list index out of range
2024-09-12 17:18:40,256 - ERROR - Error updating article: list index out of range
2024-09-12 17:18:40,256 - ERROR - Error updating article: list index out of range
2024-09-12 17:18:40,256 - ERROR - Error updating article: list index out of range
2024-09-12 17:18:40,256 - ERROR - Error updating article: list index out of range
2024-09-12 17:18:40,257 - ERROR - Error updating article: list index out of range
2024-09-12 17:18:40,257 - ERROR - Error updating article: list index out of range
2024-09-12 17:18:40,257 - ERROR - Error updating article: list index out of range
2024-09-12 17:18:40,257 - ERROR - Error updating article: list index out of range
2024-09-12 17:18:40,257 - ERROR - Error updating article: list index out of range
2024-09-12 17:18:40,257 - ERROR - Error updating article: list index out of range
2024-09-12 17:18:40,257 - ERROR - Error updating article: list index out of range
2024-09-12 17:18:40,258 - ERROR - Error updating article: list index out of range
2024-09-12 17:18:40,258 - ERROR - Error updating article: list index out of range
2024-09-12 17:18:40,258 - ERROR - Error updating article: list index out of range
2024-09-12 17:18:40,258 - ERROR - Error updating article: list index out of range
2024-09-12 17:18:40,258 - ERROR - Error updating article: list index out of range
2024-09-12 17:18:40,258 - ERROR - Error updating article: list index out of range
2024-09-12 17:18:40,259 - ERROR - Error updating article: list index out of range
2024-09-12 17:18:40,259 - ERROR - Error updating article: list index out of range
2024-09-12 17:18:40,259 - ERROR - Error updating article: list index out of range
2024-09-12 17:18:40,842 - INFO - Processed 7 file: html/finance/index.html
2024-09-12 17:18:41,822 - ERROR - Error updating article: list index out of range
2024-09-12 17:18:41,822 - ERROR - Error updating article: list index out of range
2024-09-12 17:18:41,822 - ERROR - Error updating article: list index out of range
2024-09-12 17:18:41,823 - ERROR - Error updating article: list index out of range
2024-09-12 17:18:41,823 - ERROR - Error updating article: list index out of range
2024-09-12 17:18:41,823 - ERROR - Error updating article: list index out of range
2024-09-12 17:18:41,823 - ERROR - Error updating article: list index out of range
2024-09-12 17:18:41,823 - ERROR - Error updating article: list index out of range
2024-09-12 17:18:41,823 - ERROR - Error updating article: list index out of range
2024-09-12 17:18:41,823 - ERROR - Error updating article: list index out of range
2024-09-12 17:18:41,824 - ERROR - Error updating article: list index out of range
2024-09-12 17:18:41,824 - ERROR - Error updating article: list index out of range
2024-09-12 17:18:41,824 - ERROR - Error updating article: list index out of range
2024-09-12 17:18:41,824 - ERROR - Error updating article: list index out of range
2024-09-12 17:18:41,824 - ERROR - Error updating article: list index out of range
2024-09-12 17:18:41,824 - ERROR - Error updating article: list index out of range
2024-09-12 17:18:41,824 - ERROR - Error updating article: list index out of range
2024-09-12 17:18:41,825 - ERROR - Error updating article: list index out of range
2024-09-12 17:18:41,825 - ERROR - Error updating article: list index out of range
2024-09-12 17:18:41,825 - ERROR - Error updating article: list index out of range
2024-09-12 17:18:41,825 - ERROR - Error updating article: list index out of range
2024-09-12 17:18:42,470 - INFO - Processed 8 file: html/finance/financial-markets/index.html
2024-09-12 17:18:42,936 - ERROR - Error updating article: list index out of range
2024-09-12 17:18:42,937 - ERROR - Error updating article: list index out of range
2024-09-12 17:18:42,937 - ERROR - Error updating article: list index out of range
2024-09-12 17:18:42,937 - ERROR - Error updating article: list index out of range
2024-09-12 17:18:42,937 - ERROR - Error updating article: list index out of range
2024-09-12 17:18:42,937 - ERROR - Error updating article: list index out of range
2024-09-12 17:18:42,937 - ERROR - Error updating article: list index out of range
2024-09-12 17:18:42,937 - ERROR - Error updating article: list index out of range
2024-09-12 17:18:42,938 - ERROR - Error updating article: list index out of range
2024-09-12 17:18:42,938 - ERROR - Error updating article: list index out of range
2024-09-12 17:18:42,938 - ERROR - Error updating article: list index out of range
2024-09-12 17:18:42,938 - ERROR - Error updating article: list index out of range
2024-09-12 17:18:42,938 - ERROR - Error updating article: list index out of range
2024-09-12 17:18:42,938 - ERROR - Error updating article: list index out of range
2024-09-12 17:18:42,938 - ERROR - Error updating article: list index out of range
2024-09-12 17:18:42,939 - ERROR - Error updating article: list index out of range
2024-09-12 17:18:42,939 - ERROR - Error updating article: list index out of range
2024-09-12 17:18:42,939 - ERROR - Error updating article: list index out of range
2024-09-12 17:18:42,939 - ERROR - Error updating article: list index out of range
2024-09-12 17:18:42,939 - ERROR - Error updating article: list index out of range
2024-09-12 17:18:42,939 - ERROR - Error updating article: list index out of range
2024-09-12 17:18:43,575 - INFO - Processed 9 file: html/finance/crypto/index.html
2024-09-12 17:18:44,602 - ERROR - Error updating article: list index out of range
2024-09-12 17:18:44,602 - ERROR - Error updating article: list index out of range
2024-09-12 17:18:44,602 - ERROR - Error updating article: list index out of range
2024-09-12 17:18:44,602 - ERROR - Error updating article: list index out of range
2024-09-12 17:18:44,603 - ERROR - Error updating article: list index out of range
2024-09-12 17:18:44,603 - ERROR - Error updating article: list index out of range
2024-09-12 17:18:44,603 - ERROR - Error updating article: list index out of range
2024-09-12 17:18:44,603 - ERROR - Error updating article: list index out of range
2024-09-12 17:18:44,603 - ERROR - Error updating article: list index out of range
2024-09-12 17:18:44,603 - ERROR - Error updating article: list index out of range
2024-09-12 17:18:44,603 - ERROR - Error updating article: list index out of range
2024-09-12 17:18:44,604 - ERROR - Error updating article: list index out of range
2024-09-12 17:18:44,604 - ERROR - Error updating article: list index out of range
2024-09-12 17:18:44,604 - ERROR - Error updating article: list index out of range
2024-09-12 17:18:44,604 - ERROR - Error updating article: list index out of range
2024-09-12 17:18:44,604 - ERROR - Error updating article: list index out of range
2024-09-12 17:18:44,604 - ERROR - Error updating article: list index out of range
2024-09-12 17:18:44,604 - ERROR - Error updating article: list index out of range
2024-09-12 17:18:44,605 - ERROR - Error updating article: list index out of range
2024-09-12 17:18:44,605 - ERROR - Error updating article: list index out of range
2024-09-12 17:18:44,605 - ERROR - Error updating article: list index out of range
2024-09-12 17:18:45,217 - INFO - Processed 10 file: html/finance/property-market/index.html
2024-09-12 17:18:45,648 - ERROR - Error updating article: list index out of range
2024-09-12 17:18:45,648 - ERROR - Error updating article: list index out of range
2024-09-12 17:18:45,648 - ERROR - Error updating article: list index out of range
2024-09-12 17:18:45,648 - ERROR - Error updating article: list index out of range
2024-09-12 17:18:45,648 - ERROR - Error updating article: list index out of range
2024-09-12 17:18:45,648 - ERROR - Error updating article: list index out of range
2024-09-12 17:18:45,649 - ERROR - Error updating article: list index out of range
2024-09-12 17:18:45,649 - ERROR - Error updating article: list index out of range
2024-09-12 17:18:45,649 - ERROR - Error updating article: list index out of range
2024-09-12 17:18:45,649 - ERROR - Error updating article: list index out of range
2024-09-12 17:18:45,649 - ERROR - Error updating article: list index out of range
2024-09-12 17:18:45,659 - INFO - Processed 11 file: html/finance/brexit/index.html
2024-09-12 17:18:46,359 - ERROR - Error updating article: list index out of range
2024-09-12 17:18:46,359 - ERROR - Error updating article: list index out of range
2024-09-12 17:18:46,359 - ERROR - Error updating article: list index out of range
2024-09-12 17:18:46,359 - ERROR - Error updating article: list index out of range
2024-09-12 17:18:46,360 - ERROR - Error updating article: list index out of range
2024-09-12 17:18:46,360 - ERROR - Error updating article: list index out of range
2024-09-12 17:18:46,360 - ERROR - Error updating article: list index out of range
2024-09-12 17:18:46,360 - ERROR - Error updating article: list index out of range
2024-09-12 17:18:46,360 - ERROR - Error updating article: list index out of range
2024-09-12 17:18:46,360 - ERROR - Error updating article: list index out of range
2024-09-12 17:18:46,360 - ERROR - Error updating article: list index out of range
2024-09-12 17:18:46,361 - ERROR - Error updating article: list index out of range
2024-09-12 17:18:46,361 - ERROR - Error updating article: list index out of range
2024-09-12 17:18:46,361 - ERROR - Error updating article: list index out of range
2024-09-12 17:18:46,361 - ERROR - Error updating article: list index out of range
2024-09-12 17:18:46,361 - ERROR - Error updating article: list index out of range
2024-09-12 17:18:46,361 - ERROR - Error updating article: list index out of range
2024-09-12 17:18:46,361 - ERROR - Error updating article: list index out of range
2024-09-12 17:18:46,362 - ERROR - Error updating article: list index out of range
2024-09-12 17:18:46,362 - ERROR - Error updating article: list index out of range
2024-09-12 17:18:46,362 - ERROR - Error updating article: list index out of range
2024-09-12 17:18:47,010 - INFO - Processed 12 file: html/finance/stocks-and-shares/index.html
2024-09-12 17:18:47,951 - ERROR - Error updating article: list index out of range
2024-09-12 17:18:47,952 - ERROR - Error updating article: list index out of range
2024-09-12 17:18:47,952 - ERROR - Error updating article: list index out of range
2024-09-12 17:18:47,952 - ERROR - Error updating article: list index out of range
2024-09-12 17:18:47,952 - ERROR - Error updating article: list index out of range
2024-09-12 17:18:47,952 - ERROR - Error updating article: list index out of range
2024-09-12 17:18:47,952 - ERROR - Error updating article: list index out of range
2024-09-12 17:18:47,952 - ERROR - Error updating article: list index out of range
2024-09-12 17:18:47,953 - ERROR - Error updating article: list index out of range
2024-09-12 17:18:47,953 - ERROR - Error updating article: list index out of range
2024-09-12 17:18:47,953 - ERROR - Error updating article: list index out of range
2024-09-12 17:18:47,953 - ERROR - Error updating article: list index out of range
2024-09-12 17:18:47,953 - ERROR - Error updating article: list index out of range
2024-09-12 17:18:47,953 - ERROR - Error updating article: list index out of range
2024-09-12 17:18:47,953 - ERROR - Error updating article: list index out of range
2024-09-12 17:18:47,954 - ERROR - Error updating article: list index out of range
2024-09-12 17:18:47,954 - ERROR - Error updating article: list index out of range
2024-09-12 17:18:47,954 - ERROR - Error updating article: list index out of range
2024-09-12 17:18:47,954 - ERROR - Error updating article: list index out of range
2024-09-12 17:18:47,954 - ERROR - Error updating article: list index out of range
2024-09-12 17:18:47,954 - ERROR - Error updating article: list index out of range
2024-09-12 17:18:48,473 - INFO - Processed 13 file: html/culture/index.html
2024-09-12 17:18:49,338 - ERROR - Error updating article: list index out of range
2024-09-12 17:18:49,338 - ERROR - Error updating article: list index out of range
2024-09-12 17:18:49,338 - ERROR - Error updating article: list index out of range
2024-09-12 17:18:49,338 - ERROR - Error updating article: list index out of range
2024-09-12 17:18:49,338 - ERROR - Error updating article: list index out of range
2024-09-12 17:18:49,338 - ERROR - Error updating article: list index out of range
2024-09-12 17:18:49,338 - ERROR - Error updating article: list index out of range
2024-09-12 17:18:49,339 - ERROR - Error updating article: list index out of range
2024-09-12 17:18:49,339 - ERROR - Error updating article: list index out of range
2024-09-12 17:18:49,339 - ERROR - Error updating article: list index out of range
2024-09-12 17:18:49,339 - ERROR - Error updating article: list index out of range
2024-09-12 17:18:49,339 - ERROR - Error updating article: list index out of range
2024-09-12 17:18:49,339 - ERROR - Error updating article: list index out of range
2024-09-12 17:18:49,339 - ERROR - Error updating article: list index out of range
2024-09-12 17:18:49,340 - ERROR - Error updating article: list index out of range
2024-09-12 17:18:49,340 - ERROR - Error updating article: list index out of range
2024-09-12 17:18:49,340 - ERROR - Error updating article: list index out of range
2024-09-12 17:18:49,340 - ERROR - Error updating article: list index out of range
2024-09-12 17:18:49,340 - ERROR - Error updating article: list index out of range
2024-09-12 17:18:49,340 - ERROR - Error updating article: list index out of range
2024-09-12 17:18:49,340 - ERROR - Error updating article: list index out of range
2024-09-12 17:18:49,403 - INFO - Processed 14 file: html/culture/popular-films/index.html
2024-09-12 17:18:50,058 - ERROR - Error updating article: list index out of range
2024-09-12 17:18:50,058 - ERROR - Error updating article: list index out of range
2024-09-12 17:18:50,059 - ERROR - Error updating article: list index out of range
2024-09-12 17:18:50,059 - ERROR - Error updating article: list index out of range
2024-09-12 17:18:50,059 - ERROR - Error updating article: list index out of range
2024-09-12 17:18:50,059 - ERROR - Error updating article: list index out of range
2024-09-12 17:18:50,059 - ERROR - Error updating article: list index out of range
2024-09-12 17:18:50,059 - ERROR - Error updating article: list index out of range
2024-09-12 17:18:50,059 - ERROR - Error updating article: list index out of range
2024-09-12 17:18:50,060 - ERROR - Error updating article: list index out of range
2024-09-12 17:18:50,060 - ERROR - Error updating article: list index out of range
2024-09-12 17:18:50,060 - ERROR - Error updating article: list index out of range
2024-09-12 17:18:50,060 - ERROR - Error updating article: list index out of range
2024-09-12 17:18:50,060 - ERROR - Error updating article: list index out of range
2024-09-12 17:18:50,060 - ERROR - Error updating article: list index out of range
2024-09-12 17:18:50,061 - ERROR - Error updating article: list index out of range
2024-09-12 17:18:50,061 - ERROR - Error updating article: list index out of range
2024-09-12 17:18:50,061 - ERROR - Error updating article: list index out of range
2024-09-12 17:18:50,061 - ERROR - Error updating article: list index out of range
2024-09-12 17:18:50,061 - ERROR - Error updating article: list index out of range
2024-09-12 17:18:50,061 - ERROR - Error updating article: list index out of range
2024-09-12 17:18:50,484 - INFO - Processed 15 file: html/culture/books/index.html
2024-09-12 17:18:51,444 - ERROR - Error updating article: list index out of range
2024-09-12 17:18:51,445 - ERROR - Error updating article: list index out of range
2024-09-12 17:18:51,445 - ERROR - Error updating article: list index out of range
2024-09-12 17:18:51,445 - ERROR - Error updating article: list index out of range
2024-09-12 17:18:51,445 - ERROR - Error updating article: list index out of range
2024-09-12 17:18:51,445 - ERROR - Error updating article: list index out of range
2024-09-12 17:18:51,445 - ERROR - Error updating article: list index out of range
2024-09-12 17:18:51,445 - ERROR - Error updating article: list index out of range
2024-09-12 17:18:51,446 - ERROR - Error updating article: list index out of range
2024-09-12 17:18:51,446 - ERROR - Error updating article: list index out of range
2024-09-12 17:18:51,446 - ERROR - Error updating article: list index out of range
2024-09-12 17:18:51,446 - ERROR - Error updating article: list index out of range
2024-09-12 17:18:51,446 - ERROR - Error updating article: list index out of range
2024-09-12 17:18:51,446 - ERROR - Error updating article: list index out of range
2024-09-12 17:18:51,446 - ERROR - Error updating article: list index out of range
2024-09-12 17:18:51,447 - ERROR - Error updating article: list index out of range
2024-09-12 17:18:51,447 - ERROR - Error updating article: list index out of range
2024-09-12 17:18:51,447 - ERROR - Error updating article: list index out of range
2024-09-12 17:18:51,447 - ERROR - Error updating article: list index out of range
2024-09-12 17:18:51,447 - ERROR - Error updating article: list index out of range
2024-09-12 17:18:51,447 - ERROR - Error updating article: list index out of range
2024-09-12 17:18:52,029 - INFO - Processed 16 file: html/culture/art/index.html
2024-09-12 17:18:52,504 - ERROR - Error updating article: list index out of range
2024-09-12 17:18:52,504 - ERROR - Error updating article: list index out of range
2024-09-12 17:18:52,504 - ERROR - Error updating article: list index out of range
2024-09-12 17:18:52,505 - ERROR - Error updating article: list index out of range
2024-09-12 17:18:52,505 - ERROR - Error updating article: list index out of range
2024-09-12 17:18:52,505 - ERROR - Error updating article: list index out of range
2024-09-12 17:18:52,505 - ERROR - Error updating article: list index out of range
2024-09-12 17:18:52,505 - ERROR - Error updating article: list index out of range
2024-09-12 17:18:52,505 - ERROR - Error updating article: list index out of range
2024-09-12 17:18:52,505 - ERROR - Error updating article: list index out of range
2024-09-12 17:18:52,506 - ERROR - Error updating article: list index out of range
2024-09-12 17:18:52,506 - ERROR - Error updating article: list index out of range
2024-09-12 17:18:52,506 - ERROR - Error updating article: list index out of range
2024-09-12 17:18:52,506 - ERROR - Error updating article: list index out of range
2024-09-12 17:18:52,506 - ERROR - Error updating article: list index out of range
2024-09-12 17:18:52,506 - ERROR - Error updating article: list index out of range
2024-09-12 17:18:52,506 - ERROR - Error updating article: list index out of range
2024-09-12 17:18:52,507 - ERROR - Error updating article: list index out of range
2024-09-12 17:18:52,507 - ERROR - Error updating article: list index out of range
2024-09-12 17:18:52,507 - ERROR - Error updating article: list index out of range
2024-09-12 17:18:52,507 - ERROR - Error updating article: list index out of range
2024-09-12 17:18:53,083 - INFO - Processed 17 file: html/culture/music/index.html
2024-09-12 17:18:53,555 - ERROR - Error updating article: list index out of range
2024-09-12 17:18:53,555 - ERROR - Error updating article: list index out of range
2024-09-12 17:18:53,556 - ERROR - Error updating article: list index out of range
2024-09-12 17:18:53,556 - ERROR - Error updating article: list index out of range
2024-09-12 17:18:53,556 - ERROR - Error updating article: list index out of range
2024-09-12 17:18:53,556 - ERROR - Error updating article: list index out of range
2024-09-12 17:18:53,556 - ERROR - Error updating article: list index out of range
2024-09-12 17:18:53,556 - ERROR - Error updating article: list index out of range
2024-09-12 17:18:53,557 - ERROR - Error updating article: list index out of range
2024-09-12 17:18:53,557 - ERROR - Error updating article: list index out of range
2024-09-12 17:18:53,557 - ERROR - Error updating article: list index out of range
2024-09-12 17:18:53,557 - ERROR - Error updating article: list index out of range
2024-09-12 17:18:53,557 - ERROR - Error updating article: list index out of range
2024-09-12 17:18:53,557 - ERROR - Error updating article: list index out of range
2024-09-12 17:18:53,557 - ERROR - Error updating article: list index out of range
2024-09-12 17:18:53,558 - ERROR - Error updating article: list index out of range
2024-09-12 17:18:53,558 - ERROR - Error updating article: list index out of range
2024-09-12 17:18:53,558 - ERROR - Error updating article: list index out of range
2024-09-12 17:18:53,558 - ERROR - Error updating article: list index out of range
2024-09-12 17:18:53,558 - ERROR - Error updating article: list index out of range
2024-09-12 17:18:53,558 - ERROR - Error updating article: list index out of range
2024-09-12 17:18:54,083 - INFO - Processed 18 file: html/culture/photography/index.html
2024-09-12 17:18:54,480 - ERROR - Error updating article: list index out of range
2024-09-12 17:18:54,480 - ERROR - Error updating article: list index out of range
2024-09-12 17:18:54,480 - ERROR - Error updating article: list index out of range
2024-09-12 17:18:54,480 - ERROR - Error updating article: list index out of range
2024-09-12 17:18:54,481 - ERROR - Error updating article: list index out of range
2024-09-12 17:18:54,481 - ERROR - Error updating article: list index out of range
2024-09-12 17:18:54,481 - ERROR - Error updating article: list index out of range
2024-09-12 17:18:54,481 - ERROR - Error updating article: list index out of range
2024-09-12 17:18:54,481 - ERROR - Error updating article: list index out of range
2024-09-12 17:18:54,481 - ERROR - Error updating article: list index out of range
2024-09-12 17:18:54,481 - ERROR - Error updating article: list index out of range
2024-09-12 17:18:54,482 - ERROR - Error updating article: list index out of range
2024-09-12 17:18:54,482 - ERROR - Error updating article: list index out of range
2024-09-12 17:18:54,482 - ERROR - Error updating article: list index out of range
2024-09-12 17:18:54,482 - ERROR - Error updating article: list index out of range
2024-09-12 17:18:54,482 - ERROR - Error updating article: list index out of range
2024-09-12 17:18:54,482 - ERROR - Error updating article: list index out of range
2024-09-12 17:18:54,482 - ERROR - Error updating article: list index out of range
2024-09-12 17:18:54,483 - ERROR - Error updating article: list index out of range
2024-09-12 17:18:54,483 - ERROR - Error updating article: list index out of range
2024-09-12 17:18:54,483 - ERROR - Error updating article: list index out of range
2024-09-12 17:18:55,101 - INFO - Processed 19 file: html/sport/index.html
2024-09-12 17:18:55,466 - ERROR - Error updating article: list index out of range
2024-09-12 17:18:55,467 - ERROR - Error updating article: list index out of range
2024-09-12 17:18:55,467 - ERROR - Error updating article: list index out of range
2024-09-12 17:18:55,467 - ERROR - Error updating article: list index out of range
2024-09-12 17:18:55,467 - ERROR - Error updating article: list index out of range
2024-09-12 17:18:55,467 - ERROR - Error updating article: list index out of range
2024-09-12 17:18:55,467 - ERROR - Error updating article: list index out of range
2024-09-12 17:18:55,468 - ERROR - Error updating article: list index out of range
2024-09-12 17:18:55,468 - ERROR - Error updating article: list index out of range
2024-09-12 17:18:55,468 - ERROR - Error updating article: list index out of range
2024-09-12 17:18:55,468 - ERROR - Error updating article: list index out of range
2024-09-12 17:18:55,468 - ERROR - Error updating article: list index out of range
2024-09-12 17:18:55,468 - ERROR - Error updating article: list index out of range
2024-09-12 17:18:55,468 - ERROR - Error updating article: list index out of range
2024-09-12 17:18:55,469 - ERROR - Error updating article: list index out of range
2024-09-12 17:18:55,469 - ERROR - Error updating article: list index out of range
2024-09-12 17:18:55,469 - ERROR - Error updating article: list index out of range
2024-09-12 17:18:55,469 - ERROR - Error updating article: list index out of range
2024-09-12 17:18:55,469 - ERROR - Error updating article: list index out of range
2024-09-12 17:18:55,469 - ERROR - Error updating article: list index out of range
2024-09-12 17:18:55,469 - ERROR - Error updating article: list index out of range
2024-09-12 17:18:55,579 - INFO - Processed 20 file: html/sport/football-sport/index.html
2024-09-12 17:18:55,982 - ERROR - Error updating article: list index out of range
2024-09-12 17:18:55,988 - INFO - Processed 21 file: html/sport/cricket-sport/index.html
2024-09-12 17:18:56,477 - ERROR - Error updating article: list index out of range
2024-09-12 17:18:56,477 - ERROR - Error updating article: list index out of range
2024-09-12 17:18:56,477 - ERROR - Error updating article: list index out of range
2024-09-12 17:18:56,477 - ERROR - Error updating article: list index out of range
2024-09-12 17:18:56,478 - ERROR - Error updating article: list index out of range
2024-09-12 17:18:56,478 - ERROR - Error updating article: list index out of range
2024-09-12 17:18:56,478 - ERROR - Error updating article: list index out of range
2024-09-12 17:18:56,478 - ERROR - Error updating article: list index out of range
2024-09-12 17:18:56,478 - ERROR - Error updating article: list index out of range
2024-09-12 17:18:56,478 - ERROR - Error updating article: list index out of range
2024-09-12 17:18:56,478 - ERROR - Error updating article: list index out of range
2024-09-12 17:18:56,485 - INFO - Processed 22 file: html/sport/formula-1-racing/index.html
2024-09-12 17:18:56,814 - ERROR - Error updating article: list index out of range
2024-09-12 17:18:56,814 - ERROR - Error updating article: list index out of range
2024-09-12 17:18:56,814 - ERROR - Error updating article: list index out of range
2024-09-12 17:18:56,815 - ERROR - Error updating article: list index out of range
2024-09-12 17:18:56,815 - ERROR - Error updating article: list index out of range
2024-09-12 17:18:56,815 - ERROR - Error updating article: list index out of range
2024-09-12 17:18:56,815 - ERROR - Error updating article: list index out of range
2024-09-12 17:18:56,822 - INFO - Processed 23 file: html/sport/tennis-sport/index.html
2024-09-12 17:18:57,414 - ERROR - Error updating article: list index out of range
2024-09-12 17:18:57,414 - ERROR - Error updating article: list index out of range
2024-09-12 17:18:57,415 - ERROR - Error updating article: list index out of range
2024-09-12 17:18:57,415 - ERROR - Error updating article: list index out of range
2024-09-12 17:18:57,415 - ERROR - Error updating article: list index out of range
2024-09-12 17:18:57,422 - INFO - Processed 24 file: html/sport/boxing-sport/index.html
2024-09-12 17:18:57,422 - INFO - Copied 24 files, time taken 0.43 min
2024-09-12 17:31:49,525 - ERROR - Error updating article: list index out of range
2024-09-12 17:31:49,526 - ERROR - Error updating article: list index out of range
2024-09-12 17:31:49,526 - ERROR - Error updating article: list index out of range
2024-09-12 17:31:49,526 - ERROR - Error updating article: list index out of range
2024-09-12 17:31:49,526 - ERROR - Error updating article: list index out of range
2024-09-12 17:31:49,526 - ERROR - Error updating article: list index out of range
2024-09-12 17:31:49,526 - ERROR - Error updating article: list index out of range
2024-09-12 17:31:49,526 - ERROR - Error updating article: list index out of range
2024-09-12 17:31:49,527 - ERROR - Error updating article: list index out of range
2024-09-12 17:31:49,527 - ERROR - Error updating article: list index out of range
2024-09-12 17:31:49,527 - ERROR - Error updating article: list index out of range
2024-09-12 17:31:49,527 - ERROR - Error updating article: list index out of range
2024-09-12 17:31:49,527 - ERROR - Error updating article: list index out of range
2024-09-12 17:31:49,527 - ERROR - Error updating article: list index out of range
2024-09-12 17:31:49,527 - ERROR - Error updating article: list index out of range
2024-09-12 17:31:49,528 - ERROR - Error updating article: list index out of range
2024-09-12 17:31:49,528 - ERROR - Error updating article: list index out of range
2024-09-12 17:31:49,528 - ERROR - Error updating article: list index out of range
2024-09-12 17:31:49,528 - ERROR - Error updating article: list index out of range
2024-09-12 17:31:49,528 - ERROR - Error updating article: list index out of range
2024-09-12 17:31:49,528 - ERROR - Error updating article: list index out of range
2024-09-12 17:31:50,097 - INFO - Processed 1 file: html/lifestyle/index.html
2024-09-12 17:31:50,505 - ERROR - Error updating article: list index out of range
2024-09-12 17:31:50,505 - ERROR - Error updating article: list index out of range
2024-09-12 17:31:50,506 - ERROR - Error updating article: list index out of range
2024-09-12 17:31:50,506 - ERROR - Error updating article: list index out of range
2024-09-12 17:31:50,506 - ERROR - Error updating article: list index out of range
2024-09-12 17:31:50,506 - ERROR - Error updating article: list index out of range
2024-09-12 17:31:50,506 - ERROR - Error updating article: list index out of range
2024-09-12 17:31:50,506 - ERROR - Error updating article: list index out of range
2024-09-12 17:31:50,506 - ERROR - Error updating article: list index out of range
2024-09-12 17:31:50,507 - ERROR - Error updating article: list index out of range
2024-09-12 17:31:50,507 - ERROR - Error updating article: list index out of range
2024-09-12 17:31:50,507 - ERROR - Error updating article: list index out of range
2024-09-12 17:31:50,507 - ERROR - Error updating article: list index out of range
2024-09-12 17:31:50,507 - ERROR - Error updating article: list index out of range
2024-09-12 17:31:50,507 - ERROR - Error updating article: list index out of range
2024-09-12 17:31:50,508 - ERROR - Error updating article: list index out of range
2024-09-12 17:31:50,508 - ERROR - Error updating article: list index out of range
2024-09-12 17:31:50,508 - ERROR - Error updating article: list index out of range
2024-09-12 17:31:50,508 - ERROR - Error updating article: list index out of range
2024-09-12 17:31:50,508 - ERROR - Error updating article: list index out of range
2024-09-12 17:31:50,508 - ERROR - Error updating article: list index out of range
2024-09-12 17:31:51,132 - INFO - Processed 2 file: html/lifestyle/fashion/index.html
2024-09-12 17:31:51,767 - ERROR - Error updating article: list index out of range
2024-09-12 17:31:51,768 - ERROR - Error updating article: list index out of range
2024-09-12 17:31:51,768 - ERROR - Error updating article: list index out of range
2024-09-12 17:31:51,768 - ERROR - Error updating article: list index out of range
2024-09-12 17:31:51,768 - ERROR - Error updating article: list index out of range
2024-09-12 17:31:51,768 - ERROR - Error updating article: list index out of range
2024-09-12 17:31:51,768 - ERROR - Error updating article: list index out of range
2024-09-12 17:31:51,768 - ERROR - Error updating article: list index out of range
2024-09-12 17:31:51,769 - ERROR - Error updating article: list index out of range
2024-09-12 17:31:51,769 - ERROR - Error updating article: list index out of range
2024-09-12 17:31:51,769 - ERROR - Error updating article: list index out of range
2024-09-12 17:31:51,769 - ERROR - Error updating article: list index out of range
2024-09-12 17:31:51,769 - ERROR - Error updating article: list index out of range
2024-09-12 17:31:51,769 - ERROR - Error updating article: list index out of range
2024-09-12 17:31:51,769 - ERROR - Error updating article: list index out of range
2024-09-12 17:31:51,770 - ERROR - Error updating article: list index out of range
2024-09-12 17:31:51,770 - ERROR - Error updating article: list index out of range
2024-09-12 17:31:51,770 - ERROR - Error updating article: list index out of range
2024-09-12 17:31:51,770 - ERROR - Error updating article: list index out of range
2024-09-12 17:31:51,770 - ERROR - Error updating article: list index out of range
2024-09-12 17:31:51,770 - ERROR - Error updating article: list index out of range
2024-09-12 17:31:52,315 - INFO - Processed 3 file: html/lifestyle/shopping/index.html
2024-09-12 17:31:52,723 - ERROR - Error updating article: list index out of range
2024-09-12 17:31:52,723 - ERROR - Error updating article: list index out of range
2024-09-12 17:31:52,724 - ERROR - Error updating article: list index out of range
2024-09-12 17:31:52,724 - ERROR - Error updating article: list index out of range
2024-09-12 17:31:52,724 - ERROR - Error updating article: list index out of range
2024-09-12 17:31:52,724 - ERROR - Error updating article: list index out of range
2024-09-12 17:31:52,724 - ERROR - Error updating article: list index out of range
2024-09-12 17:31:52,724 - ERROR - Error updating article: list index out of range
2024-09-12 17:31:52,725 - ERROR - Error updating article: list index out of range
2024-09-12 17:31:52,725 - ERROR - Error updating article: list index out of range
2024-09-12 17:31:52,725 - ERROR - Error updating article: list index out of range
2024-09-12 17:31:52,725 - ERROR - Error updating article: list index out of range
2024-09-12 17:31:52,725 - ERROR - Error updating article: list index out of range
2024-09-12 17:31:52,725 - ERROR - Error updating article: list index out of range
2024-09-12 17:31:52,725 - ERROR - Error updating article: list index out of range
2024-09-12 17:31:52,726 - ERROR - Error updating article: list index out of range
2024-09-12 17:31:52,726 - ERROR - Error updating article: list index out of range
2024-09-12 17:31:52,726 - ERROR - Error updating article: list index out of range
2024-09-12 17:31:52,726 - ERROR - Error updating article: list index out of range
2024-09-12 17:31:52,726 - ERROR - Error updating article: list index out of range
2024-09-12 17:31:52,726 - ERROR - Error updating article: list index out of range
2024-09-12 17:31:53,306 - INFO - Processed 4 file: html/lifestyle/beauty/index.html
2024-09-12 17:31:53,996 - ERROR - Error updating article: list index out of range
2024-09-12 17:31:53,996 - ERROR - Error updating article: list index out of range
2024-09-12 17:31:53,996 - ERROR - Error updating article: list index out of range
2024-09-12 17:31:53,996 - ERROR - Error updating article: list index out of range
2024-09-12 17:31:53,997 - ERROR - Error updating article: list index out of range
2024-09-12 17:31:53,997 - ERROR - Error updating article: list index out of range
2024-09-12 17:31:53,997 - ERROR - Error updating article: list index out of range
2024-09-12 17:31:53,997 - ERROR - Error updating article: list index out of range
2024-09-12 17:31:53,997 - ERROR - Error updating article: list index out of range
2024-09-12 17:31:53,997 - ERROR - Error updating article: list index out of range
2024-09-12 17:31:53,997 - ERROR - Error updating article: list index out of range
2024-09-12 17:31:53,998 - ERROR - Error updating article: list index out of range
2024-09-12 17:31:53,998 - ERROR - Error updating article: list index out of range
2024-09-12 17:31:53,998 - ERROR - Error updating article: list index out of range
2024-09-12 17:31:53,998 - ERROR - Error updating article: list index out of range
2024-09-12 17:31:53,998 - ERROR - Error updating article: list index out of range
2024-09-12 17:31:53,998 - ERROR - Error updating article: list index out of range
2024-09-12 17:31:53,998 - ERROR - Error updating article: list index out of range
2024-09-12 17:31:53,999 - ERROR - Error updating article: list index out of range
2024-09-12 17:31:53,999 - ERROR - Error updating article: list index out of range
2024-09-12 17:31:53,999 - ERROR - Error updating article: list index out of range
2024-09-12 17:31:54,569 - INFO - Processed 5 file: html/lifestyle/money/index.html
2024-09-12 17:31:55,182 - ERROR - Error updating article: list index out of range
2024-09-12 17:31:55,182 - ERROR - Error updating article: list index out of range
2024-09-12 17:31:55,182 - ERROR - Error updating article: list index out of range
2024-09-12 17:31:55,182 - ERROR - Error updating article: list index out of range
2024-09-12 17:31:55,182 - ERROR - Error updating article: list index out of range
2024-09-12 17:31:55,183 - ERROR - Error updating article: list index out of range
2024-09-12 17:31:55,183 - ERROR - Error updating article: list index out of range
2024-09-12 17:31:55,183 - ERROR - Error updating article: list index out of range
2024-09-12 17:31:55,183 - ERROR - Error updating article: list index out of range
2024-09-12 17:31:55,183 - ERROR - Error updating article: list index out of range
2024-09-12 17:31:55,183 - ERROR - Error updating article: list index out of range
2024-09-12 17:31:55,183 - ERROR - Error updating article: list index out of range
2024-09-12 17:31:55,184 - ERROR - Error updating article: list index out of range
2024-09-12 17:31:55,184 - ERROR - Error updating article: list index out of range
2024-09-12 17:31:55,184 - ERROR - Error updating article: list index out of range
2024-09-12 17:31:55,184 - ERROR - Error updating article: list index out of range
2024-09-12 17:31:55,184 - ERROR - Error updating article: list index out of range
2024-09-12 17:31:55,184 - ERROR - Error updating article: list index out of range
2024-09-12 17:31:55,184 - ERROR - Error updating article: list index out of range
2024-09-12 17:31:55,185 - ERROR - Error updating article: list index out of range
2024-09-12 17:31:55,185 - ERROR - Error updating article: list index out of range
2024-09-12 17:31:55,734 - INFO - Processed 6 file: html/lifestyle/tech-news/index.html
2024-09-12 17:31:56,233 - ERROR - Error updating article: list index out of range
2024-09-12 17:31:56,233 - ERROR - Error updating article: list index out of range
2024-09-12 17:31:56,233 - ERROR - Error updating article: list index out of range
2024-09-12 17:31:56,233 - ERROR - Error updating article: list index out of range
2024-09-12 17:31:56,233 - ERROR - Error updating article: list index out of range
2024-09-12 17:31:56,233 - ERROR - Error updating article: list index out of range
2024-09-12 17:31:56,234 - ERROR - Error updating article: list index out of range
2024-09-12 17:31:56,234 - ERROR - Error updating article: list index out of range
2024-09-12 17:31:56,234 - ERROR - Error updating article: list index out of range
2024-09-12 17:31:56,234 - ERROR - Error updating article: list index out of range
2024-09-12 17:31:56,234 - ERROR - Error updating article: list index out of range
2024-09-12 17:31:56,234 - ERROR - Error updating article: list index out of range
2024-09-12 17:31:56,234 - ERROR - Error updating article: list index out of range
2024-09-12 17:31:56,235 - ERROR - Error updating article: list index out of range
2024-09-12 17:31:56,235 - ERROR - Error updating article: list index out of range
2024-09-12 17:31:56,235 - ERROR - Error updating article: list index out of range
2024-09-12 17:31:56,235 - ERROR - Error updating article: list index out of range
2024-09-12 17:31:56,235 - ERROR - Error updating article: list index out of range
2024-09-12 17:31:56,235 - ERROR - Error updating article: list index out of range
2024-09-12 17:31:56,235 - ERROR - Error updating article: list index out of range
2024-09-12 17:31:56,236 - ERROR - Error updating article: list index out of range
2024-09-12 17:31:56,835 - INFO - Processed 7 file: html/finance/index.html
2024-09-12 17:31:57,342 - ERROR - Error updating article: list index out of range
2024-09-12 17:31:57,342 - ERROR - Error updating article: list index out of range
2024-09-12 17:31:57,342 - ERROR - Error updating article: list index out of range
2024-09-12 17:31:57,343 - ERROR - Error updating article: list index out of range
2024-09-12 17:31:57,343 - ERROR - Error updating article: list index out of range
2024-09-12 17:31:57,343 - ERROR - Error updating article: list index out of range
2024-09-12 17:31:57,343 - ERROR - Error updating article: list index out of range
2024-09-12 17:31:57,343 - ERROR - Error updating article: list index out of range
2024-09-12 17:31:57,343 - ERROR - Error updating article: list index out of range
2024-09-12 17:31:57,344 - ERROR - Error updating article: list index out of range
2024-09-12 17:31:57,344 - ERROR - Error updating article: list index out of range
2024-09-12 17:31:57,344 - ERROR - Error updating article: list index out of range
2024-09-12 17:31:57,344 - ERROR - Error updating article: list index out of range
2024-09-12 17:31:57,344 - ERROR - Error updating article: list index out of range
2024-09-12 17:31:57,344 - ERROR - Error updating article: list index out of range
2024-09-12 17:31:57,344 - ERROR - Error updating article: list index out of range
2024-09-12 17:31:57,345 - ERROR - Error updating article: list index out of range
2024-09-12 17:31:57,345 - ERROR - Error updating article: list index out of range
2024-09-12 17:31:57,345 - ERROR - Error updating article: list index out of range
2024-09-12 17:31:57,345 - ERROR - Error updating article: list index out of range
2024-09-12 17:31:57,345 - ERROR - Error updating article: list index out of range
2024-09-12 17:31:57,948 - INFO - Processed 8 file: html/finance/financial-markets/index.html
2024-09-12 17:31:58,442 - ERROR - Error updating article: list index out of range
2024-09-12 17:31:58,442 - ERROR - Error updating article: list index out of range
2024-09-12 17:31:58,442 - ERROR - Error updating article: list index out of range
2024-09-12 17:31:58,442 - ERROR - Error updating article: list index out of range
2024-09-12 17:31:58,442 - ERROR - Error updating article: list index out of range
2024-09-12 17:31:58,442 - ERROR - Error updating article: list index out of range
2024-09-12 17:31:58,443 - ERROR - Error updating article: list index out of range
2024-09-12 17:31:58,443 - ERROR - Error updating article: list index out of range
2024-09-12 17:31:58,443 - ERROR - Error updating article: list index out of range
2024-09-12 17:31:58,443 - ERROR - Error updating article: list index out of range
2024-09-12 17:31:58,443 - ERROR - Error updating article: list index out of range
2024-09-12 17:31:58,443 - ERROR - Error updating article: list index out of range
2024-09-12 17:31:58,443 - ERROR - Error updating article: list index out of range
2024-09-12 17:31:58,444 - ERROR - Error updating article: list index out of range
2024-09-12 17:31:58,444 - ERROR - Error updating article: list index out of range
2024-09-12 17:31:58,444 - ERROR - Error updating article: list index out of range
2024-09-12 17:31:58,444 - ERROR - Error updating article: list index out of range
2024-09-12 17:31:58,444 - ERROR - Error updating article: list index out of range
2024-09-12 17:31:58,444 - ERROR - Error updating article: list index out of range
2024-09-12 17:31:58,444 - ERROR - Error updating article: list index out of range
2024-09-12 17:31:58,445 - ERROR - Error updating article: list index out of range
2024-09-12 17:31:59,103 - INFO - Processed 9 file: html/finance/crypto/index.html
2024-09-12 17:32:00,083 - ERROR - Error updating article: list index out of range
2024-09-12 17:32:00,084 - ERROR - Error updating article: list index out of range
2024-09-12 17:32:00,084 - ERROR - Error updating article: list index out of range
2024-09-12 17:32:00,084 - ERROR - Error updating article: list index out of range
2024-09-12 17:32:00,084 - ERROR - Error updating article: list index out of range
2024-09-12 17:32:00,084 - ERROR - Error updating article: list index out of range
2024-09-12 17:32:00,084 - ERROR - Error updating article: list index out of range
2024-09-12 17:32:00,084 - ERROR - Error updating article: list index out of range
2024-09-12 17:32:00,085 - ERROR - Error updating article: list index out of range
2024-09-12 17:32:00,085 - ERROR - Error updating article: list index out of range
2024-09-12 17:32:00,085 - ERROR - Error updating article: list index out of range
2024-09-12 17:32:00,085 - ERROR - Error updating article: list index out of range
2024-09-12 17:32:00,085 - ERROR - Error updating article: list index out of range
2024-09-12 17:32:00,085 - ERROR - Error updating article: list index out of range
2024-09-12 17:32:00,085 - ERROR - Error updating article: list index out of range
2024-09-12 17:32:00,086 - ERROR - Error updating article: list index out of range
2024-09-12 17:32:00,086 - ERROR - Error updating article: list index out of range
2024-09-12 17:32:00,086 - ERROR - Error updating article: list index out of range
2024-09-12 17:32:00,086 - ERROR - Error updating article: list index out of range
2024-09-12 17:32:00,086 - ERROR - Error updating article: list index out of range
2024-09-12 17:32:00,086 - ERROR - Error updating article: list index out of range
2024-09-12 17:32:00,694 - INFO - Processed 10 file: html/finance/property-market/index.html
2024-09-12 17:32:01,091 - ERROR - Error updating article: list index out of range
2024-09-12 17:32:01,091 - ERROR - Error updating article: list index out of range
2024-09-12 17:32:01,091 - ERROR - Error updating article: list index out of range
2024-09-12 17:32:01,091 - ERROR - Error updating article: list index out of range
2024-09-12 17:32:01,091 - ERROR - Error updating article: list index out of range
2024-09-12 17:32:01,091 - ERROR - Error updating article: list index out of range
2024-09-12 17:32:01,092 - ERROR - Error updating article: list index out of range
2024-09-12 17:32:01,092 - ERROR - Error updating article: list index out of range
2024-09-12 17:32:01,092 - ERROR - Error updating article: list index out of range
2024-09-12 17:32:01,092 - ERROR - Error updating article: list index out of range
2024-09-12 17:32:01,092 - ERROR - Error updating article: list index out of range
2024-09-12 17:32:01,092 - ERROR - Error updating article: list index out of range
2024-09-12 17:32:01,092 - ERROR - Error updating article: list index out of range
2024-09-12 17:32:01,093 - ERROR - Error updating article: list index out of range
2024-09-12 17:32:01,102 - INFO - Processed 11 file: html/finance/brexit/index.html
2024-09-12 17:32:01,759 - ERROR - Error updating article: list index out of range
2024-09-12 17:32:01,759 - ERROR - Error updating article: list index out of range
2024-09-12 17:32:01,759 - ERROR - Error updating article: list index out of range
2024-09-12 17:32:01,759 - ERROR - Error updating article: list index out of range
2024-09-12 17:32:01,760 - ERROR - Error updating article: list index out of range
2024-09-12 17:32:01,760 - ERROR - Error updating article: list index out of range
2024-09-12 17:32:01,760 - ERROR - Error updating article: list index out of range
2024-09-12 17:32:01,760 - ERROR - Error updating article: list index out of range
2024-09-12 17:32:01,760 - ERROR - Error updating article: list index out of range
2024-09-12 17:32:01,760 - ERROR - Error updating article: list index out of range
2024-09-12 17:32:01,761 - ERROR - Error updating article: list index out of range
2024-09-12 17:32:01,761 - ERROR - Error updating article: list index out of range
2024-09-12 17:32:01,761 - ERROR - Error updating article: list index out of range
2024-09-12 17:32:01,761 - ERROR - Error updating article: list index out of range
2024-09-12 17:32:01,761 - ERROR - Error updating article: list index out of range
2024-09-12 17:32:01,761 - ERROR - Error updating article: list index out of range
2024-09-12 17:32:01,761 - ERROR - Error updating article: list index out of range
2024-09-12 17:32:01,762 - ERROR - Error updating article: list index out of range
2024-09-12 17:32:01,762 - ERROR - Error updating article: list index out of range
2024-09-12 17:32:01,762 - ERROR - Error updating article: list index out of range
2024-09-12 17:32:01,762 - ERROR - Error updating article: list index out of range
2024-09-12 17:32:02,398 - INFO - Processed 12 file: html/finance/stocks-and-shares/index.html
2024-09-12 17:32:03,072 - ERROR - Error updating article: list index out of range
2024-09-12 17:32:03,072 - ERROR - Error updating article: list index out of range
2024-09-12 17:32:03,072 - ERROR - Error updating article: list index out of range
2024-09-12 17:32:03,072 - ERROR - Error updating article: list index out of range
2024-09-12 17:32:03,072 - ERROR - Error updating article: list index out of range
2024-09-12 17:32:03,073 - ERROR - Error updating article: list index out of range
2024-09-12 17:32:03,073 - ERROR - Error updating article: list index out of range
2024-09-12 17:32:03,073 - ERROR - Error updating article: list index out of range
2024-09-12 17:32:03,073 - ERROR - Error updating article: list index out of range
2024-09-12 17:32:03,073 - ERROR - Error updating article: list index out of range
2024-09-12 17:32:03,073 - ERROR - Error updating article: list index out of range
2024-09-12 17:32:03,073 - ERROR - Error updating article: list index out of range
2024-09-12 17:32:03,074 - ERROR - Error updating article: list index out of range
2024-09-12 17:32:03,074 - ERROR - Error updating article: list index out of range
2024-09-12 17:32:03,074 - ERROR - Error updating article: list index out of range
2024-09-12 17:32:03,074 - ERROR - Error updating article: list index out of range
2024-09-12 17:32:03,074 - ERROR - Error updating article: list index out of range
2024-09-12 17:32:03,074 - ERROR - Error updating article: list index out of range
2024-09-12 17:32:03,074 - ERROR - Error updating article: list index out of range
2024-09-12 17:32:03,075 - ERROR - Error updating article: list index out of range
2024-09-12 17:32:03,075 - ERROR - Error updating article: list index out of range
2024-09-12 17:32:03,591 - INFO - Processed 13 file: html/culture/index.html
2024-09-12 17:32:04,324 - ERROR - Error updating article: list index out of range
2024-09-12 17:32:04,324 - ERROR - Error updating article: list index out of range
2024-09-12 17:32:04,324 - ERROR - Error updating article: list index out of range
2024-09-12 17:32:04,324 - ERROR - Error updating article: list index out of range
2024-09-12 17:32:04,324 - ERROR - Error updating article: list index out of range
2024-09-12 17:32:04,325 - ERROR - Error updating article: list index out of range
2024-09-12 17:32:04,325 - ERROR - Error updating article: list index out of range
2024-09-12 17:32:04,325 - ERROR - Error updating article: list index out of range
2024-09-12 17:32:04,325 - ERROR - Error updating article: list index out of range
2024-09-12 17:32:04,325 - ERROR - Error updating article: list index out of range
2024-09-12 17:32:04,325 - ERROR - Error updating article: list index out of range
2024-09-12 17:32:04,325 - ERROR - Error updating article: list index out of range
2024-09-12 17:32:04,326 - ERROR - Error updating article: list index out of range
2024-09-12 17:32:04,326 - ERROR - Error updating article: list index out of range
2024-09-12 17:32:04,326 - ERROR - Error updating article: list index out of range
2024-09-12 17:32:04,326 - ERROR - Error updating article: list index out of range
2024-09-12 17:32:04,326 - ERROR - Error updating article: list index out of range
2024-09-12 17:32:04,326 - ERROR - Error updating article: list index out of range
2024-09-12 17:32:04,326 - ERROR - Error updating article: list index out of range
2024-09-12 17:32:04,327 - ERROR - Error updating article: list index out of range
2024-09-12 17:32:04,327 - ERROR - Error updating article: list index out of range
2024-09-12 17:32:04,396 - INFO - Processed 14 file: html/culture/popular-films/index.html
2024-09-12 17:32:05,154 - ERROR - Error updating article: list index out of range
2024-09-12 17:32:05,155 - ERROR - Error updating article: list index out of range
2024-09-12 17:32:05,155 - ERROR - Error updating article: list index out of range
2024-09-12 17:32:05,155 - ERROR - Error updating article: list index out of range
2024-09-12 17:32:05,155 - ERROR - Error updating article: list index out of range
2024-09-12 17:32:05,155 - ERROR - Error updating article: list index out of range
2024-09-12 17:32:05,155 - ERROR - Error updating article: list index out of range
2024-09-12 17:32:05,155 - ERROR - Error updating article: list index out of range
2024-09-12 17:32:05,156 - ERROR - Error updating article: list index out of range
2024-09-12 17:32:05,156 - ERROR - Error updating article: list index out of range
2024-09-12 17:32:05,156 - ERROR - Error updating article: list index out of range
2024-09-12 17:32:05,156 - ERROR - Error updating article: list index out of range
2024-09-12 17:32:05,156 - ERROR - Error updating article: list index out of range
2024-09-12 17:32:05,156 - ERROR - Error updating article: list index out of range
2024-09-12 17:32:05,156 - ERROR - Error updating article: list index out of range
2024-09-12 17:32:05,157 - ERROR - Error updating article: list index out of range
2024-09-12 17:32:05,157 - ERROR - Error updating article: list index out of range
2024-09-12 17:32:05,157 - ERROR - Error updating article: list index out of range
2024-09-12 17:32:05,157 - ERROR - Error updating article: list index out of range
2024-09-12 17:32:05,157 - ERROR - Error updating article: list index out of range
2024-09-12 17:32:05,157 - ERROR - Error updating article: list index out of range
2024-09-12 17:32:05,611 - INFO - Processed 15 file: html/culture/books/index.html
2024-09-12 17:32:06,282 - ERROR - Error updating article: list index out of range
2024-09-12 17:32:06,282 - ERROR - Error updating article: list index out of range
2024-09-12 17:32:06,282 - ERROR - Error updating article: list index out of range
2024-09-12 17:32:06,282 - ERROR - Error updating article: list index out of range
2024-09-12 17:32:06,282 - ERROR - Error updating article: list index out of range
2024-09-12 17:32:06,282 - ERROR - Error updating article: list index out of range
2024-09-12 17:32:06,282 - ERROR - Error updating article: list index out of range
2024-09-12 17:32:06,283 - ERROR - Error updating article: list index out of range
2024-09-12 17:32:06,283 - ERROR - Error updating article: list index out of range
2024-09-12 17:32:06,283 - ERROR - Error updating article: list index out of range
2024-09-12 17:32:06,283 - ERROR - Error updating article: list index out of range
2024-09-12 17:32:06,283 - ERROR - Error updating article: list index out of range
2024-09-12 17:32:06,283 - ERROR - Error updating article: list index out of range
2024-09-12 17:32:06,283 - ERROR - Error updating article: list index out of range
2024-09-12 17:32:06,284 - ERROR - Error updating article: list index out of range
2024-09-12 17:32:06,284 - ERROR - Error updating article: list index out of range
2024-09-12 17:32:06,284 - ERROR - Error updating article: list index out of range
2024-09-12 17:32:06,284 - ERROR - Error updating article: list index out of range
2024-09-12 17:32:06,284 - ERROR - Error updating article: list index out of range
2024-09-12 17:32:06,284 - ERROR - Error updating article: list index out of range
2024-09-12 17:32:06,284 - ERROR - Error updating article: list index out of range
2024-09-12 17:32:06,880 - INFO - Processed 16 file: html/culture/art/index.html
2024-09-12 17:32:07,512 - ERROR - Error updating article: list index out of range
2024-09-12 17:32:07,512 - ERROR - Error updating article: list index out of range
2024-09-12 17:32:07,512 - ERROR - Error updating article: list index out of range
2024-09-12 17:32:07,513 - ERROR - Error updating article: list index out of range
2024-09-12 17:32:07,513 - ERROR - Error updating article: list index out of range
2024-09-12 17:32:07,513 - ERROR - Error updating article: list index out of range
2024-09-12 17:32:07,513 - ERROR - Error updating article: list index out of range
2024-09-12 17:32:07,513 - ERROR - Error updating article: list index out of range
2024-09-12 17:32:07,513 - ERROR - Error updating article: list index out of range
2024-09-12 17:32:07,513 - ERROR - Error updating article: list index out of range
2024-09-12 17:32:07,514 - ERROR - Error updating article: list index out of range
2024-09-12 17:32:07,514 - ERROR - Error updating article: list index out of range
2024-09-12 17:32:07,514 - ERROR - Error updating article: list index out of range
2024-09-12 17:32:07,514 - ERROR - Error updating article: list index out of range
2024-09-12 17:32:07,514 - ERROR - Error updating article: list index out of range
2024-09-12 17:32:07,514 - ERROR - Error updating article: list index out of range
2024-09-12 17:32:07,514 - ERROR - Error updating article: list index out of range
2024-09-12 17:32:07,515 - ERROR - Error updating article: list index out of range
2024-09-12 17:32:07,515 - ERROR - Error updating article: list index out of range
2024-09-12 17:32:07,515 - ERROR - Error updating article: list index out of range
2024-09-12 17:32:07,515 - ERROR - Error updating article: list index out of range
2024-09-12 17:32:08,072 - INFO - Processed 17 file: html/culture/music/index.html
2024-09-12 17:32:08,571 - ERROR - Error updating article: list index out of range
2024-09-12 17:32:08,571 - ERROR - Error updating article: list index out of range
2024-09-12 17:32:08,572 - ERROR - Error updating article: list index out of range
2024-09-12 17:32:08,572 - ERROR - Error updating article: list index out of range
2024-09-12 17:32:08,572 - ERROR - Error updating article: list index out of range
2024-09-12 17:32:08,572 - ERROR - Error updating article: list index out of range
2024-09-12 17:32:08,572 - ERROR - Error updating article: list index out of range
2024-09-12 17:32:08,572 - ERROR - Error updating article: list index out of range
2024-09-12 17:32:08,572 - ERROR - Error updating article: list index out of range
2024-09-12 17:32:08,573 - ERROR - Error updating article: list index out of range
2024-09-12 17:32:08,573 - ERROR - Error updating article: list index out of range
2024-09-12 17:32:08,573 - ERROR - Error updating article: list index out of range
2024-09-12 17:32:08,573 - ERROR - Error updating article: list index out of range
2024-09-12 17:32:08,573 - ERROR - Error updating article: list index out of range
2024-09-12 17:32:08,573 - ERROR - Error updating article: list index out of range
2024-09-12 17:32:08,573 - ERROR - Error updating article: list index out of range
2024-09-12 17:32:08,574 - ERROR - Error updating article: list index out of range
2024-09-12 17:32:08,574 - ERROR - Error updating article: list index out of range
2024-09-12 17:32:08,574 - ERROR - Error updating article: list index out of range
2024-09-12 17:32:08,574 - ERROR - Error updating article: list index out of range
2024-09-12 17:32:08,574 - ERROR - Error updating article: list index out of range
2024-09-12 17:32:09,130 - INFO - Processed 18 file: html/culture/photography/index.html
2024-09-12 17:32:10,024 - ERROR - Error updating article: list index out of range
2024-09-12 17:32:10,024 - ERROR - Error updating article: list index out of range
2024-09-12 17:32:10,024 - ERROR - Error updating article: list index out of range
2024-09-12 17:32:10,024 - ERROR - Error updating article: list index out of range
2024-09-12 17:32:10,025 - ERROR - Error updating article: list index out of range
2024-09-12 17:32:10,025 - ERROR - Error updating article: list index out of range
2024-09-12 17:32:10,025 - ERROR - Error updating article: list index out of range
2024-09-12 17:32:10,025 - ERROR - Error updating article: list index out of range
2024-09-12 17:32:10,025 - ERROR - Error updating article: list index out of range
2024-09-12 17:32:10,025 - ERROR - Error updating article: list index out of range
2024-09-12 17:32:10,025 - ERROR - Error updating article: list index out of range
2024-09-12 17:32:10,026 - ERROR - Error updating article: list index out of range
2024-09-12 17:32:10,026 - ERROR - Error updating article: list index out of range
2024-09-12 17:32:10,026 - ERROR - Error updating article: list index out of range
2024-09-12 17:32:10,026 - ERROR - Error updating article: list index out of range
2024-09-12 17:32:10,026 - ERROR - Error updating article: list index out of range
2024-09-12 17:32:10,026 - ERROR - Error updating article: list index out of range
2024-09-12 17:32:10,026 - ERROR - Error updating article: list index out of range
2024-09-12 17:32:10,027 - ERROR - Error updating article: list index out of range
2024-09-12 17:32:10,027 - ERROR - Error updating article: list index out of range
2024-09-12 17:32:10,027 - ERROR - Error updating article: list index out of range
2024-09-12 17:32:10,653 - INFO - Processed 19 file: html/sport/index.html
2024-09-12 17:32:11,451 - ERROR - Error updating article: list index out of range
2024-09-12 17:32:11,451 - ERROR - Error updating article: list index out of range
2024-09-12 17:32:11,451 - ERROR - Error updating article: list index out of range
2024-09-12 17:32:11,451 - ERROR - Error updating article: list index out of range
2024-09-12 17:32:11,451 - ERROR - Error updating article: list index out of range
2024-09-12 17:32:11,452 - ERROR - Error updating article: list index out of range
2024-09-12 17:32:11,452 - ERROR - Error updating article: list index out of range
2024-09-12 17:32:11,452 - ERROR - Error updating article: list index out of range
2024-09-12 17:32:11,452 - ERROR - Error updating article: list index out of range
2024-09-12 17:32:11,452 - ERROR - Error updating article: list index out of range
2024-09-12 17:32:11,452 - ERROR - Error updating article: list index out of range
2024-09-12 17:32:11,452 - ERROR - Error updating article: list index out of range
2024-09-12 17:32:11,453 - ERROR - Error updating article: list index out of range
2024-09-12 17:32:11,453 - ERROR - Error updating article: list index out of range
2024-09-12 17:32:11,453 - ERROR - Error updating article: list index out of range
2024-09-12 17:32:11,453 - ERROR - Error updating article: list index out of range
2024-09-12 17:32:11,453 - ERROR - Error updating article: list index out of range
2024-09-12 17:32:11,453 - ERROR - Error updating article: list index out of range
2024-09-12 17:32:11,453 - ERROR - Error updating article: list index out of range
2024-09-12 17:32:11,454 - ERROR - Error updating article: list index out of range
2024-09-12 17:32:11,454 - ERROR - Error updating article: list index out of range
2024-09-12 17:32:11,574 - INFO - Processed 20 file: html/sport/football-sport/index.html
2024-09-12 17:32:12,163 - ERROR - Error updating article: list index out of range
2024-09-12 17:32:12,173 - INFO - Processed 21 file: html/sport/cricket-sport/index.html
2024-09-12 17:32:12,868 - ERROR - Error updating article: list index out of range
2024-09-12 17:32:12,868 - ERROR - Error updating article: list index out of range
2024-09-12 17:32:12,869 - ERROR - Error updating article: list index out of range
2024-09-12 17:32:12,869 - ERROR - Error updating article: list index out of range
2024-09-12 17:32:12,869 - ERROR - Error updating article: list index out of range
2024-09-12 17:32:12,870 - ERROR - Error updating article: list index out of range
2024-09-12 17:32:12,870 - ERROR - Error updating article: list index out of range
2024-09-12 17:32:12,870 - ERROR - Error updating article: list index out of range
2024-09-12 17:32:12,870 - ERROR - Error updating article: list index out of range
2024-09-12 17:32:12,871 - ERROR - Error updating article: list index out of range
2024-09-12 17:32:12,871 - ERROR - Error updating article: list index out of range
2024-09-12 17:32:12,871 - ERROR - Error updating article: list index out of range
2024-09-12 17:32:12,890 - INFO - Processed 22 file: html/sport/formula-1-racing/index.html
2024-09-12 17:32:13,196 - ERROR - Error updating article: list index out of range
2024-09-12 17:32:13,197 - ERROR - Error updating article: list index out of range
2024-09-12 17:32:13,197 - ERROR - Error updating article: list index out of range
2024-09-12 17:32:13,197 - ERROR - Error updating article: list index out of range
2024-09-12 17:32:13,197 - ERROR - Error updating article: list index out of range
2024-09-12 17:32:13,197 - ERROR - Error updating article: list index out of range
2024-09-12 17:32:13,197 - ERROR - Error updating article: list index out of range
2024-09-12 17:32:13,207 - INFO - Processed 23 file: html/sport/tennis-sport/index.html
2024-09-12 17:32:13,588 - ERROR - Error updating article: list index out of range
2024-09-12 17:32:13,588 - ERROR - Error updating article: list index out of range
2024-09-12 17:32:13,588 - ERROR - Error updating article: list index out of range
2024-09-12 17:32:13,588 - ERROR - Error updating article: list index out of range
2024-09-12 17:32:13,588 - ERROR - Error updating article: list index out of range
2024-09-12 17:32:13,598 - INFO - Processed 24 file: html/sport/boxing-sport/index.html
2024-09-12 17:32:13,598 - INFO - Copied 24 files, time taken 0.41 min
